=== GAME DEBUG LOG ===
Timestamp: 1763503757
======================

[GAME] ===== GAME INITIALIZATION =====
[INIT] === Collectible Positions ===
[COLLECTIBLE] Collectible 0 [P0] at (-13.25, 2.25, -15.00)
[COLLECTIBLE] Collectible 1 [P0] at (-15.88, 2.25, -13.48)
[COLLECTIBLE] Collectible 2 [P0] at (-15.88, 2.25, -16.52)
[COLLECTIBLE] Collectible 3 [P1] at (15.88, 2.25, -13.48)
[COLLECTIBLE] Collectible 4 [P1] at (13.25, 2.25, -15.00)
[COLLECTIBLE] Collectible 5 [P1] at (15.88, 2.25, -16.52)
[COLLECTIBLE] Collectible 6 [P2] at (-15.88, 2.25, 16.52)
[COLLECTIBLE] Collectible 7 [P2] at (-15.88, 2.25, 13.48)
[COLLECTIBLE] Collectible 8 [P2] at (-13.25, 2.25, 15.00)
[COLLECTIBLE] Collectible 9 [P3] at (13.25, 2.25, 15.00)
[COLLECTIBLE] Collectible 10 [P3] at (15.88, 2.25, 13.48)
[COLLECTIBLE] Collectible 11 [P3] at (15.88, 2.25, 16.52)
[GAME] Initialization complete
[SUCCESS] Collectible #3 picked up! Distance: 2.00
[SUCCESS] Collectible #5 picked up! Distance: 1.86
[SUCCESS] Collectible #4 picked up! Distance: 1.96
[PLATFORM] Platform 2 completed! (3/3 items)
[SUCCESS] Collectible #1 picked up! Distance: 1.88
[SUCCESS] Collectible #2 picked up! Distance: 1.98
[SUCCESS] Collectible #0 picked up! Distance: 2.00
[PLATFORM] Platform 1 completed! (3/3 items)
[SUCCESS] Collectible #7 picked up! Distance: 1.93
[SUCCESS] Collectible #6 picked up! Distance: 1.94
[SUCCESS] Collectible #8 picked up! Distance: 1.98
[PLATFORM] Platform 3 completed! (3/3 items)
[SUCCESS] Collectible #10 picked up! Distance: 1.98
[SUCCESS] Collectible #11 picked up! Distance: 1.94
[SUCCESS] Collectible #9 picked up! Distance: 1.98
[PLATFORM] Platform 4 completed! (3/3 items)
[GAME] PLAYER WON!
